2018-11-09 11:07:51.806  INFO [makeup-api,,,] 1104 --- [restartedMain] s.c.a.AnnotationConfigApplicationContext : Refreshing org.springframework.context.annotation.AnnotationConfigApplicationContext@78ec5e4a: startup date [Fri Nov 09 11:07:51 CST 2018]; root of context hierarchy
2018-11-09 11:07:52.275  INFO [makeup-api,,,] 1104 --- [restartedMain] f.a.AutowiredAnnotationBeanPostProcessor : JSR-330 'javax.inject.Inject' annotation found and supported for autowiring
2018-11-09 11:07:52.397  INFO [makeup-api,,,] 1104 --- [restartedMain] trationDelegate$BeanPostProcessorChecker : Bean 'configurationPropertiesRebinderAutoConfiguration' of type [org.springframework.cloud.autoconfigure.ConfigurationPropertiesRebinderAutoConfiguration$$EnhancerBySpringCGLIB$$a9eb08c9] is not eligible for getting processed by all BeanPostProcessors (for example: not eligible for auto-proxying)
2018-11-09 11:07:52.962  INFO [makeup-api,,,] 1104 --- [restartedMain] com.zzw.makeup.Application               : The following profiles are active: db
2018-11-09 11:07:52.988  INFO [makeup-api,,,] 1104 --- [restartedMain] ConfigServletWebServerApplicationContext : Refreshing org.springframework.boot.web.servlet.context.AnnotationConfigServletWebServerApplicationContext@2b5b00da: startup date [Fri Nov 09 11:07:52 CST 2018]; parent: org.springframework.context.annotation.AnnotationConfigApplicationContext@78ec5e4a
2018-11-09 11:07:55.087  INFO [makeup-api,,,] 1104 --- [restartedMain] o.s.i.config.IntegrationRegistrar        : No bean named 'integrationHeaderChannelRegistry' has been explicitly defined. Therefore, a default DefaultHeaderChannelRegistry will be created.
2018-11-09 11:07:55.960  INFO [makeup-api,,,] 1104 --- [restartedMain] o.s.cloud.context.scope.GenericScope     : BeanFactory id=9a141769-c439-37ef-85b4-e63d0e6054e1
2018-11-09 11:07:56.018  INFO [makeup-api,,,] 1104 --- [restartedMain] faultConfiguringBeanFactoryPostProcessor : No bean named 'errorChannel' has been explicitly defined. Therefore, a default PublishSubscribeChannel will be created.
2018-11-09 11:07:56.026  INFO [makeup-api,,,] 1104 --- [restartedMain] faultConfiguringBeanFactoryPostProcessor : No bean named 'taskScheduler' has been explicitly defined. Therefore, a default ThreadPoolTaskScheduler will be created.
2018-11-09 11:07:56.046  INFO [makeup-api,,,] 1104 --- [restartedMain] f.a.AutowiredAnnotationBeanPostProcessor : JSR-330 'javax.inject.Inject' annotation found and supported for autowiring
2018-11-09 11:07:56.101  INFO [makeup-api,,,] 1104 --- [restartedMain] trationDelegate$BeanPostProcessorChecker : Bean 'org.springframework.boot.context.properties.ConversionServiceDeducer$Factory' of type [org.springframework.boot.context.properties.ConversionServiceDeducer$Factory] is not eligible for getting processed by all BeanPostProcessors (for example: not eligible for auto-proxying)
2018-11-09 11:07:56.116  INFO [makeup-api,,,] 1104 --- [restartedMain] trationDelegate$BeanPostProcessorChecker : Bean 'druidProperties' of type [com.zzw.makeup.base.cfg.DruidProperties] is not eligible for getting processed by all BeanPostProcessors (for example: not eligible for auto-proxying)
2018-11-09 11:07:56.119  INFO [makeup-api,,,] 1104 --- [restartedMain] trationDelegate$BeanPostProcessorChecker : Bean 'dbConfig' of type [com.zzw.makeup.base.cfg.DbConfig$$EnhancerBySpringCGLIB$$a11da037] is not eligible for getting processed by all BeanPostProcessors (for example: not eligible for auto-proxying)
2018-11-09 11:07:56.260  INFO [makeup-api,,,] 1104 --- [restartedMain] trationDelegate$BeanPostProcessorChecker : Bean 'org.springframework.amqp.rabbit.annotation.RabbitBootstrapConfiguration' of type [org.springframework.amqp.rabbit.annotation.RabbitBootstrapConfiguration$$EnhancerBySpringCGLIB$$543cc3fa] is not eligible for getting processed by all BeanPostProcessors (for example: not eligible for auto-proxying)
2018-11-09 11:07:56.929  INFO [makeup-api,,,] 1104 --- [restartedMain] trationDelegate$BeanPostProcessorChecker : Bean 'org.springframework.transaction.annotation.ProxyTransactionManagementConfiguration' of type [org.springframework.transaction.annotation.ProxyTransactionManagementConfiguration$$EnhancerBySpringCGLIB$$8dd105cc] is not eligible for getting processed by all BeanPostProcessors (for example: not eligible for auto-proxying)
2018-11-09 11:07:57.148  INFO [makeup-api,,,] 1104 --- [restartedMain] trationDelegate$BeanPostProcessorChecker : Bean 'org.springframework.integration.config.IntegrationManagementConfiguration' of type [org.springframework.integration.config.IntegrationManagementConfiguration$$EnhancerBySpringCGLIB$$f8c2c0fb] is not eligible for getting processed by all BeanPostProcessors (for example: not eligible for auto-proxying)
2018-11-09 11:07:57.270  INFO [makeup-api,,,] 1104 --- [restartedMain] trationDelegate$BeanPostProcessorChecker : Bean 'org.springframework.cloud.autoconfigure.ConfigurationPropertiesRebinderAutoConfiguration' of type [org.springframework.cloud.autoconfigure.ConfigurationPropertiesRebinderAutoConfiguration$$EnhancerBySpringCGLIB$$a9eb08c9] is not eligible for getting processed by all BeanPostProcessors (for example: not eligible for auto-proxying)
2018-11-09 11:07:57.355  INFO [makeup-api,,,] 1104 --- [restartedMain] trationDelegate$BeanPostProcessorChecker : Bean 'org.springframework.integration.dsl.context.IntegrationFlowContext' of type [org.springframework.integration.dsl.context.IntegrationFlowContext] is not eligible for getting processed by all BeanPostProcessors (for example: not eligible for auto-proxying)
2018-11-09 11:07:58.097  INFO [makeup-api,,,] 1104 --- [restartedMain] o.s.b.w.embedded.tomcat.TomcatWebServer  : Tomcat initialized with port(s): 8002 (http)
2018-11-09 11:07:58.117  INFO [makeup-api,,,] 1104 --- [restartedMain] o.a.coyote.http11.Http11NioProtocol      : Initializing ProtocolHandler ["http-nio-8002"]
2018-11-09 11:07:58.133  INFO [makeup-api,,,] 1104 --- [restartedMain] o.apache.catalina.core.StandardService   : Starting service [Tomcat]
2018-11-09 11:07:58.134  INFO [makeup-api,,,] 1104 --- [restartedMain] org.apache.catalina.core.StandardEngine  : Starting Servlet Engine: Apache Tomcat/8.5.31
2018-11-09 11:07:58.146  INFO [makeup-api,,,] 1104 --- [localhost-startStop-1] o.a.catalina.core.AprLifecycleListener   : The APR based Apache Tomcat Native library which allows optimal performance in production environments was not found on the java.library.path: [D:\Program Files\Java\jdk1.8.0_141\bin;C:\Windows\Sun\Java\bin;C:\Windows\system32;C:\Windows;D:/Program Files/Java/jdk1.8.0_141/bin/../jre/bin/server;D:/Program Files/Java/jdk1.8.0_141/bin/../jre/bin;D:/Program Files/Java/jdk1.8.0_141/bin/../jre/lib/amd64;C:\Windows\system32;C:\Windows;C:\Windows\System32\Wbem;C:\Windows\System32\WindowsPowerShell\v1.0\;D:\Program Files\Java\jdk1.8.0_141\bin;F:\Program Files\apache-ant-1.8.0\bin;D:\Program Files\apache-maven-3.0.5\bin;F:\Program Files\nodejs\;D:\Program Files\TortoiseSVN\bin;F:\Program Files\Git\cmd;F:\Program Files\nodejs\node_global\;F:\Program Files\Fiddler;D:\Program Files\sts-bundle\sts-3.8.0.RELEASE;;.]
2018-11-09 11:07:58.347  INFO [makeup-api,,,] 1104 --- [localhost-startStop-1] o.a.c.c.C.[Tomcat].[localhost].[/]       : Initializing Spring embedded WebApplicationContext
2018-11-09 11:07:58.348  INFO [makeup-api,,,] 1104 --- [localhost-startStop-1] o.s.web.context.ContextLoader            : Root WebApplicationContext: initialization completed in 5360 ms
2018-11-09 11:07:58.953  WARN [makeup-api,,,] 1104 --- [localhost-startStop-1] c.n.c.sources.URLConfigurationSource     : No URLs will be polled as dynamic configuration sources.
2018-11-09 11:07:58.953  INFO [makeup-api,,,] 1104 --- [localhost-startStop-1] c.n.c.sources.URLConfigurationSource     : To enable URLs as dynamic configuration sources, define System property archaius.configurationSource.additionalUrls or make config.properties available on classpath.
2018-11-09 11:07:59.005  INFO [makeup-api,,,] 1104 --- [localhost-startStop-1] c.netflix.config.DynamicPropertyFactory  : DynamicPropertyFactory is initialized with configuration sources: com.netflix.config.ConcurrentCompositeConfiguration@10f7c8d7
2018-11-09 11:08:02.543  INFO [makeup-api,,,] 1104 --- [localhost-startStop-1] o.s.b.w.servlet.FilterRegistrationBean   : Mapping filter: 'characterEncodingFilter' to: [/*]
2018-11-09 11:08:02.544  INFO [makeup-api,,,] 1104 --- [localhost-startStop-1] o.s.b.w.servlet.FilterRegistrationBean   : Mapping filter: 'tracingFilter' to: [/*]
2018-11-09 11:08:02.544  INFO [makeup-api,,,] 1104 --- [localhost-startStop-1] o.s.b.w.servlet.FilterRegistrationBean   : Mapping filter: 'exceptionLoggingFilter' to: [/*]
2018-11-09 11:08:02.545  INFO [makeup-api,,,] 1104 --- [localhost-startStop-1] o.s.b.w.servlet.FilterRegistrationBean   : Mapping filter: 'hiddenHttpMethodFilter' to: [/*]
2018-11-09 11:08:02.545  INFO [makeup-api,,,] 1104 --- [localhost-startStop-1] o.s.b.w.servlet.FilterRegistrationBean   : Mapping filter: 'httpPutFormContentFilter' to: [/*]
2018-11-09 11:08:02.545  INFO [makeup-api,,,] 1104 --- [localhost-startStop-1] o.s.b.w.servlet.FilterRegistrationBean   : Mapping filter: 'requestContextFilter' to: [/*]
2018-11-09 11:08:02.545  INFO [makeup-api,,,] 1104 --- [localhost-startStop-1] o.s.b.w.servlet.FilterRegistrationBean   : Mapping filter: 'httpTraceFilter' to: [/*]
2018-11-09 11:08:02.546  INFO [makeup-api,,,] 1104 --- [localhost-startStop-1] o.s.b.w.servlet.FilterRegistrationBean   : Mapping filter: 'webStatFilter' to urls: [/*]
2018-11-09 11:08:02.546  INFO [makeup-api,,,] 1104 --- [localhost-startStop-1] o.s.b.w.servlet.FilterRegistrationBean   : Mapping filter: 'webMvcMetricsFilter' to: [/*]
2018-11-09 11:08:02.546  INFO [makeup-api,,,] 1104 --- [localhost-startStop-1] o.s.b.w.servlet.ServletRegistrationBean  : Servlet statViewServlet mapped to [/druid/*]
2018-11-09 11:08:02.548  INFO [makeup-api,,,] 1104 --- [localhost-startStop-1] o.s.b.w.servlet.ServletRegistrationBean  : Servlet dispatcherServlet mapped to [/]
2018-11-09 11:08:02.549  INFO [makeup-api,,,] 1104 --- [localhost-startStop-1] o.s.b.a.e.web.ServletEndpointRegistrar   : Registered '/actuator/hystrix.stream' to hystrix.stream-actuator-endpoint
2018-11-09 11:08:02.908  INFO [makeup-api,,,] 1104 --- [restartedMain] j.LocalContainerEntityManagerFactoryBean : Building JPA container EntityManagerFactory for persistence unit 'default'
2018-11-09 11:08:02.960  INFO [makeup-api,,,] 1104 --- [restartedMain] o.hibernate.jpa.internal.util.LogHelper  : HHH000204: Processing PersistenceUnitInfo [
	name: default
	...]
2018-11-09 11:08:03.277  INFO [makeup-api,,,] 1104 --- [restartedMain] org.hibernate.Version                    : HHH000412: Hibernate Core {5.2.17.Final}
2018-11-09 11:08:03.281  INFO [makeup-api,,,] 1104 --- [restartedMain] org.hibernate.cfg.Environment            : HHH000206: hibernate.properties not found
2018-11-09 11:08:03.393  INFO [makeup-api,,,] 1104 --- [restartedMain] o.hibernate.annotations.common.Version   : HCANN000001: Hibernate Commons Annotations {5.0.1.Final}
2018-11-09 11:08:04.359  INFO [makeup-api,,,] 1104 --- [restartedMain] com.alibaba.druid.pool.DruidDataSource   : {dataSource-1} inited
2018-11-09 11:08:04.401  INFO [makeup-api,,,] 1104 --- [restartedMain] org.hibernate.dialect.Dialect            : HHH000400: Using dialect: org.hibernate.dialect.MySQL5Dialect
2018-11-09 11:08:05.636  INFO [makeup-api,,,] 1104 --- [restartedMain] j.LocalContainerEntityManagerFactoryBean : Initialized JPA EntityManagerFactory for persistence unit 'default'
2018-11-09 11:08:06.251  INFO [makeup-api,,,] 1104 --- [restartedMain] o.h.h.i.QueryTranslatorFactoryInitiator  : HHH000397: Using ASTQueryTranslatorFactory
2018-11-09 11:08:06.886  WARN [makeup-api,,,] 1104 --- [restartedMain] c.n.c.sources.URLConfigurationSource     : No URLs will be polled as dynamic configuration sources.
2018-11-09 11:08:06.886  INFO [makeup-api,,,] 1104 --- [restartedMain] c.n.c.sources.URLConfigurationSource     : To enable URLs as dynamic configuration sources, define System property archaius.configurationSource.additionalUrls or make config.properties available on classpath.
2018-11-09 11:08:07.296  INFO [makeup-api,,,] 1104 --- [restartedMain] o.s.w.s.handler.SimpleUrlHandlerMapping  : Mapped URL path [/**/favicon.ico] onto handler of type [class org.springframework.web.servlet.resource.ResourceHttpRequestHandler]
2018-11-09 11:08:07.694  INFO [makeup-api,,,] 1104 --- [restartedMain] s.w.s.m.m.a.RequestMappingHandlerAdapter : Looking for @ControllerAdvice: org.springframework.boot.web.servlet.context.AnnotationConfigServletWebServerApplicationContext@2b5b00da: startup date [Fri Nov 09 11:07:52 CST 2018]; parent: org.springframework.context.annotation.AnnotationConfigApplicationContext@78ec5e4a
2018-11-09 11:08:07.769  WARN [makeup-api,,,] 1104 --- [restartedMain] aWebConfiguration$JpaWebMvcConfiguration : spring.jpa.open-in-view is enabled by default. Therefore, database queries may be performed during view rendering. Explicitly configure spring.jpa.open-in-view to disable this warning
2018-11-09 11:08:07.848  INFO [makeup-api,,,] 1104 --- [restartedMain] s.w.s.m.m.a.RequestMappingHandlerMapping : Mapped "{[/brands],methods=[GET]}" onto public java.lang.String com.zzw.makeup.api.controller.BrandController.list(javax.servlet.http.HttpServletRequest) throws java.lang.Exception
2018-11-09 11:08:07.850  INFO [makeup-api,,,] 1104 --- [restartedMain] s.w.s.m.m.a.RequestMappingHandlerMapping : Mapped "{[/brands/{id}],methods=[GET]}" onto public java.lang.String com.zzw.makeup.api.controller.BrandController.detail(java.lang.Long) throws com.zzw.makeup.api.exception.ObjectNotFoundException
2018-11-09 11:08:07.851  INFO [makeup-api,,,] 1104 --- [restartedMain] s.w.s.m.m.a.RequestMappingHandlerMapping : Mapped "{[/products]}" onto public java.lang.String com.zzw.makeup.api.controller.ProductController.productList() throws java.lang.Exception
2018-11-09 11:08:07.856  INFO [makeup-api,,,] 1104 --- [restartedMain] s.w.s.m.m.a.RequestMappingHandlerMapping : Mapped "{[/error]}" onto public org.springframework.http.ResponseEntity<java.util.Map<java.lang.String, java.lang.Object>> org.springframework.boot.autoconfigure.web.servlet.error.BasicErrorController.error(javax.servlet.http.HttpServletRequest)
2018-11-09 11:08:07.857  INFO [makeup-api,,,] 1104 --- [restartedMain] s.w.s.m.m.a.RequestMappingHandlerMapping : Mapped "{[/error],produces=[text/html]}" onto public org.springframework.web.servlet.ModelAndView org.springframework.boot.autoconfigure.web.servlet.error.BasicErrorController.errorHtml(javax.servlet.http.HttpServletRequest,javax.servlet.http.HttpServletResponse)
2018-11-09 11:08:07.950  INFO [makeup-api,,,] 1104 --- [restartedMain] o.s.w.s.handler.SimpleUrlHandlerMapping  : Mapped URL path [/webjars/**] onto handler of type [class org.springframework.web.servlet.resource.ResourceHttpRequestHandler]
2018-11-09 11:08:07.951  INFO [makeup-api,,,] 1104 --- [restartedMain] o.s.w.s.handler.SimpleUrlHandlerMapping  : Mapped URL path [/**] onto handler of type [class org.springframework.web.servlet.resource.ResourceHttpRequestHandler]
2018-11-09 11:08:07.990  INFO [makeup-api,,,] 1104 --- [restartedMain] .m.m.a.ExceptionHandlerExceptionResolver : Detected @ExceptionHandler methods in simpleExceptionHandler
2018-11-09 11:08:09.626  INFO [makeup-api,,,] 1104 --- [restartedMain] o.s.s.c.ThreadPoolTaskScheduler          : Initializing ExecutorService  'taskScheduler'
2018-11-09 11:08:10.286  WARN [makeup-api,,,] 1104 --- [restartedMain] o.s.b.d.a.OptionalLiveReloadServer       : Unable to start LiveReload server
2018-11-09 11:08:11.093  INFO [makeup-api,,,] 1104 --- [restartedMain] o.s.aop.framework.CglibAopProxy          : Method [com.netflix.client.config.IClientConfig org.springframework.cloud.openfeign.ribbon.LoadBalancerFeignClient.getClientConfig(feign.Request$Options,java.lang.String)] is package-visible across different ClassLoaders and cannot get proxied via CGLIB: Declare this method as public or protected if you need to support invocations through the proxy.
2018-11-09 11:08:11.363  INFO [makeup-api,,,] 1104 --- [restartedMain] o.s.b.a.e.web.EndpointLinksResolver      : Exposing 19 endpoint(s) beneath base path '/actuator'
2018-11-09 11:08:11.381  INFO [makeup-api,,,] 1104 --- [restartedMain] s.b.a.e.w.s.WebMvcEndpointHandlerMapping : Mapped "{[/actuator/archaius],methods=[GET],produces=[application/vnd.spring-boot.actuator.v2+json || application/json]}" onto public java.lang.Object org.springframework.boot.actuate.endpoint.web.servlet.AbstractWebMvcEndpointHandlerMapping$OperationHandler.handle(javax.servlet.http.HttpServletRequest,java.util.Map<java.lang.String, java.lang.String>)
2018-11-09 11:08:11.382  INFO [makeup-api,,,] 1104 --- [restartedMain] s.b.a.e.w.s.WebMvcEndpointHandlerMapping : Mapped "{[/actuator/auditevents],methods=[GET],produces=[application/vnd.spring-boot.actuator.v2+json || application/json]}" onto public java.lang.Object org.springframework.boot.actuate.endpoint.web.servlet.AbstractWebMvcEndpointHandlerMapping$OperationHandler.handle(javax.servlet.http.HttpServletRequest,java.util.Map<java.lang.String, java.lang.String>)
2018-11-09 11:08:11.382  INFO [makeup-api,,,] 1104 --- [restartedMain] s.b.a.e.w.s.WebMvcEndpointHandlerMapping : Mapped "{[/actuator/beans],methods=[GET],produces=[application/vnd.spring-boot.actuator.v2+json || application/json]}" onto public java.lang.Object org.springframework.boot.actuate.endpoint.web.servlet.AbstractWebMvcEndpointHandlerMapping$OperationHandler.handle(javax.servlet.http.HttpServletRequest,java.util.Map<java.lang.String, java.lang.String>)
2018-11-09 11:08:11.383  INFO [makeup-api,,,] 1104 --- [restartedMain] s.b.a.e.w.s.WebMvcEndpointHandlerMapping : Mapped "{[/actuator/health],methods=[GET],produces=[application/vnd.spring-boot.actuator.v2+json || application/json]}" onto public java.lang.Object org.springframework.boot.actuate.endpoint.web.servlet.AbstractWebMvcEndpointHandlerMapping$OperationHandler.handle(javax.servlet.http.HttpServletRequest,java.util.Map<java.lang.String, java.lang.String>)
2018-11-09 11:08:11.383  INFO [makeup-api,,,] 1104 --- [restartedMain] s.b.a.e.w.s.WebMvcEndpointHandlerMapping : Mapped "{[/actuator/conditions],methods=[GET],produces=[application/vnd.spring-boot.actuator.v2+json || application/json]}" onto public java.lang.Object org.springframework.boot.actuate.endpoint.web.servlet.AbstractWebMvcEndpointHandlerMapping$OperationHandler.handle(javax.servlet.http.HttpServletRequest,java.util.Map<java.lang.String, java.lang.String>)
2018-11-09 11:08:11.384  INFO [makeup-api,,,] 1104 --- [restartedMain] s.b.a.e.w.s.WebMvcEndpointHandlerMapping : Mapped "{[/actuator/configprops],methods=[GET],produces=[application/vnd.spring-boot.actuator.v2+json || application/json]}" onto public java.lang.Object org.springframework.boot.actuate.endpoint.web.servlet.AbstractWebMvcEndpointHandlerMapping$OperationHandler.handle(javax.servlet.http.HttpServletRequest,java.util.Map<java.lang.String, java.lang.String>)
2018-11-09 11:08:11.384  INFO [makeup-api,,,] 1104 --- [restartedMain] s.b.a.e.w.s.WebMvcEndpointHandlerMapping : Mapped "{[/actuator/env],methods=[GET],produces=[application/vnd.spring-boot.actuator.v2+json || application/json]}" onto public java.lang.Object org.springframework.boot.actuate.endpoint.web.servlet.AbstractWebMvcEndpointHandlerMapping$OperationHandler.handle(javax.servlet.http.HttpServletRequest,java.util.Map<java.lang.String, java.lang.String>)
2018-11-09 11:08:11.385  INFO [makeup-api,,,] 1104 --- [restartedMain] s.b.a.e.w.s.WebMvcEndpointHandlerMapping : Mapped "{[/actuator/env/{toMatch}],methods=[GET],produces=[application/vnd.spring-boot.actuator.v2+json || application/json]}" onto public java.lang.Object org.springframework.boot.actuate.endpoint.web.servlet.AbstractWebMvcEndpointHandlerMapping$OperationHandler.handle(javax.servlet.http.HttpServletRequest,java.util.Map<java.lang.String, java.lang.String>)
2018-11-09 11:08:11.386  INFO [makeup-api,,,] 1104 --- [restartedMain] s.b.a.e.w.s.WebMvcEndpointHandlerMapping : Mapped "{[/actuator/env],methods=[POST],consumes=[application/vnd.spring-boot.actuator.v2+json || application/json],produces=[application/vnd.spring-boot.actuator.v2+json || application/json]}" onto public java.lang.Object org.springframework.boot.actuate.endpoint.web.servlet.AbstractWebMvcEndpointHandlerMapping$OperationHandler.handle(javax.servlet.http.HttpServletRequest,java.util.Map<java.lang.String, java.lang.String>)
2018-11-09 11:08:11.387  INFO [makeup-api,,,] 1104 --- [restartedMain] s.b.a.e.w.s.WebMvcEndpointHandlerMapping : Mapped "{[/actuator/env],methods=[DELETE],produces=[application/vnd.spring-boot.actuator.v2+json || application/json]}" onto public java.lang.Object org.springframework.boot.actuate.endpoint.web.servlet.AbstractWebMvcEndpointHandlerMapping$OperationHandler.handle(javax.servlet.http.HttpServletRequest,java.util.Map<java.lang.String, java.lang.String>)
2018-11-09 11:08:11.387  INFO [makeup-api,,,] 1104 --- [restartedMain] s.b.a.e.w.s.WebMvcEndpointHandlerMapping : Mapped "{[/actuator/info],methods=[GET],produces=[application/vnd.spring-boot.actuator.v2+json || application/json]}" onto public java.lang.Object org.springframework.boot.actuate.endpoint.web.servlet.AbstractWebMvcEndpointHandlerMapping$OperationHandler.handle(javax.servlet.http.HttpServletRequest,java.util.Map<java.lang.String, java.lang.String>)
2018-11-09 11:08:11.388  INFO [makeup-api,,,] 1104 --- [restartedMain] s.b.a.e.w.s.WebMvcEndpointHandlerMapping : Mapped "{[/actuator/loggers],methods=[GET],produces=[application/vnd.spring-boot.actuator.v2+json || application/json]}" onto public java.lang.Object org.springframework.boot.actuate.endpoint.web.servlet.AbstractWebMvcEndpointHandlerMapping$OperationHandler.handle(javax.servlet.http.HttpServletRequest,java.util.Map<java.lang.String, java.lang.String>)
2018-11-09 11:08:11.388  INFO [makeup-api,,,] 1104 --- [restartedMain] s.b.a.e.w.s.WebMvcEndpointHandlerMapping : Mapped "{[/actuator/loggers/{name}],methods=[POST],consumes=[application/vnd.spring-boot.actuator.v2+json || application/json]}" onto public java.lang.Object org.springframework.boot.actuate.endpoint.web.servlet.AbstractWebMvcEndpointHandlerMapping$OperationHandler.handle(javax.servlet.http.HttpServletRequest,java.util.Map<java.lang.String, java.lang.String>)
2018-11-09 11:08:11.388  INFO [makeup-api,,,] 1104 --- [restartedMain] s.b.a.e.w.s.WebMvcEndpointHandlerMapping : Mapped "{[/actuator/loggers/{name}],methods=[GET],produces=[application/vnd.spring-boot.actuator.v2+json || application/json]}" onto public java.lang.Object org.springframework.boot.actuate.endpoint.web.servlet.AbstractWebMvcEndpointHandlerMapping$OperationHandler.handle(javax.servlet.http.HttpServletRequest,java.util.Map<java.lang.String, java.lang.String>)
2018-11-09 11:08:11.390  INFO [makeup-api,,,] 1104 --- [restartedMain] s.b.a.e.w.s.WebMvcEndpointHandlerMapping : Mapped "{[/actuator/heapdump],methods=[GET],produces=[application/octet-stream]}" onto public java.lang.Object org.springframework.boot.actuate.endpoint.web.servlet.AbstractWebMvcEndpointHandlerMapping$OperationHandler.handle(javax.servlet.http.HttpServletRequest,java.util.Map<java.lang.String, java.lang.String>)
2018-11-09 11:08:11.390  INFO [makeup-api,,,] 1104 --- [restartedMain] s.b.a.e.w.s.WebMvcEndpointHandlerMapping : Mapped "{[/actuator/threaddump],methods=[GET],produces=[application/vnd.spring-boot.actuator.v2+json || application/json]}" onto public java.lang.Object org.springframework.boot.actuate.endpoint.web.servlet.AbstractWebMvcEndpointHandlerMapping$OperationHandler.handle(javax.servlet.http.HttpServletRequest,java.util.Map<java.lang.String, java.lang.String>)
2018-11-09 11:08:11.390  INFO [makeup-api,,,] 1104 --- [restartedMain] s.b.a.e.w.s.WebMvcEndpointHandlerMapping : Mapped "{[/actuator/metrics],methods=[GET],produces=[application/vnd.spring-boot.actuator.v2+json || application/json]}" onto public java.lang.Object org.springframework.boot.actuate.endpoint.web.servlet.AbstractWebMvcEndpointHandlerMapping$OperationHandler.handle(javax.servlet.http.HttpServletRequest,java.util.Map<java.lang.String, java.lang.String>)
2018-11-09 11:08:11.391  INFO [makeup-api,,,] 1104 --- [restartedMain] s.b.a.e.w.s.WebMvcEndpointHandlerMapping : Mapped "{[/actuator/metrics/{requiredMetricName}],methods=[GET],produces=[application/vnd.spring-boot.actuator.v2+json || application/json]}" onto public java.lang.Object org.springframework.boot.actuate.endpoint.web.servlet.AbstractWebMvcEndpointHandlerMapping$OperationHandler.handle(javax.servlet.http.HttpServletRequest,java.util.Map<java.lang.String, java.lang.String>)
2018-11-09 11:08:11.391  INFO [makeup-api,,,] 1104 --- [restartedMain] s.b.a.e.w.s.WebMvcEndpointHandlerMapping : Mapped "{[/actuator/scheduledtasks],methods=[GET],produces=[application/vnd.spring-boot.actuator.v2+json || application/json]}" onto public java.lang.Object org.springframework.boot.actuate.endpoint.web.servlet.AbstractWebMvcEndpointHandlerMapping$OperationHandler.handle(javax.servlet.http.HttpServletRequest,java.util.Map<java.lang.String, java.lang.String>)
2018-11-09 11:08:11.392  INFO [makeup-api,,,] 1104 --- [restartedMain] s.b.a.e.w.s.WebMvcEndpointHandlerMapping : Mapped "{[/actuator/httptrace],methods=[GET],produces=[application/vnd.spring-boot.actuator.v2+json || application/json]}" onto public java.lang.Object org.springframework.boot.actuate.endpoint.web.servlet.AbstractWebMvcEndpointHandlerMapping$OperationHandler.handle(javax.servlet.http.HttpServletRequest,java.util.Map<java.lang.String, java.lang.String>)
2018-11-09 11:08:11.392  INFO [makeup-api,,,] 1104 --- [restartedMain] s.b.a.e.w.s.WebMvcEndpointHandlerMapping : Mapped "{[/actuator/mappings],methods=[GET],produces=[application/vnd.spring-boot.actuator.v2+json || application/json]}" onto public java.lang.Object org.springframework.boot.actuate.endpoint.web.servlet.AbstractWebMvcEndpointHandlerMapping$OperationHandler.handle(javax.servlet.http.HttpServletRequest,java.util.Map<java.lang.String, java.lang.String>)
2018-11-09 11:08:11.392  INFO [makeup-api,,,] 1104 --- [restartedMain] s.b.a.e.w.s.WebMvcEndpointHandlerMapping : Mapped "{[/actuator/refresh],methods=[POST],produces=[application/vnd.spring-boot.actuator.v2+json || application/json]}" onto public java.lang.Object org.springframework.boot.actuate.endpoint.web.servlet.AbstractWebMvcEndpointHandlerMapping$OperationHandler.handle(javax.servlet.http.HttpServletRequest,java.util.Map<java.lang.String, java.lang.String>)
2018-11-09 11:08:11.393  INFO [makeup-api,,,] 1104 --- [restartedMain] s.b.a.e.w.s.WebMvcEndpointHandlerMapping : Mapped "{[/actuator/features],methods=[GET],produces=[application/vnd.spring-boot.actuator.v2+json || application/json]}" onto public java.lang.Object org.springframework.boot.actuate.endpoint.web.servlet.AbstractWebMvcEndpointHandlerMapping$OperationHandler.handle(javax.servlet.http.HttpServletRequest,java.util.Map<java.lang.String, java.lang.String>)
2018-11-09 11:08:11.393  INFO [makeup-api,,,] 1104 --- [restartedMain] s.b.a.e.w.s.WebMvcEndpointHandlerMapping : Mapped "{[/actuator/service-registry],methods=[GET],produces=[application/vnd.spring-boot.actuator.v2+json || application/json]}" onto public java.lang.Object org.springframework.boot.actuate.endpoint.web.servlet.AbstractWebMvcEndpointHandlerMapping$OperationHandler.handle(javax.servlet.http.HttpServletRequest,java.util.Map<java.lang.String, java.lang.String>)
2018-11-09 11:08:11.393  INFO [makeup-api,,,] 1104 --- [restartedMain] s.b.a.e.w.s.WebMvcEndpointHandlerMapping : Mapped "{[/actuator/service-registry],methods=[POST],consumes=[application/vnd.spring-boot.actuator.v2+json || application/json],produces=[application/vnd.spring-boot.actuator.v2+json || application/json]}" onto public java.lang.Object org.springframework.boot.actuate.endpoint.web.servlet.AbstractWebMvcEndpointHandlerMapping$OperationHandler.handle(javax.servlet.http.HttpServletRequest,java.util.Map<java.lang.String, java.lang.String>)
2018-11-09 11:08:11.394  INFO [makeup-api,,,] 1104 --- [restartedMain] s.b.a.e.w.s.WebMvcEndpointHandlerMapping : Mapped "{[/actuator],methods=[GET],produces=[application/vnd.spring-boot.actuator.v2+json || application/json]}" onto protected java.util.Map<java.lang.String, java.util.Map<java.lang.String, org.springframework.boot.actuate.endpoint.web.Link>> org.springframework.boot.actuate.endpoint.web.servlet.WebMvcEndpointHandlerMapping.links(javax.servlet.http.HttpServletRequest,javax.servlet.http.HttpServletResponse)
2018-11-09 11:08:11.934  INFO [makeup-api,,,] 1104 --- [restartedMain] o.s.j.e.a.AnnotationMBeanExporter        : Registering beans for JMX exposure on startup
2018-11-09 11:08:11.936  INFO [makeup-api,,,] 1104 --- [restartedMain] o.s.j.e.a.AnnotationMBeanExporter        : Bean with name 'druidDataSource' has been autodetected for JMX exposure
2018-11-09 11:08:11.949  INFO [makeup-api,,,] 1104 --- [restartedMain] o.s.j.e.a.AnnotationMBeanExporter        : Bean with name 'rabbitConnectionFactory' has been autodetected for JMX exposure
2018-11-09 11:08:11.950  INFO [makeup-api,,,] 1104 --- [restartedMain] o.s.j.e.a.AnnotationMBeanExporter        : Bean with name 'environmentManager' has been autodetected for JMX exposure
2018-11-09 11:08:11.952  INFO [makeup-api,,,] 1104 --- [restartedMain] o.s.j.e.a.AnnotationMBeanExporter        : Bean with name 'refreshScope' has been autodetected for JMX exposure
2018-11-09 11:08:11.953  INFO [makeup-api,,,] 1104 --- [restartedMain] o.s.j.e.a.AnnotationMBeanExporter        : Bean with name 'integrationMbeanExporter' has been autodetected for JMX exposure
2018-11-09 11:08:11.954  INFO [makeup-api,,,] 1104 --- [restartedMain] o.s.j.e.a.AnnotationMBeanExporter        : Bean with name 'configurationPropertiesRebinder' has been autodetected for JMX exposure
2018-11-09 11:08:11.961  INFO [makeup-api,,,] 1104 --- [restartedMain] o.s.j.e.a.AnnotationMBeanExporter        : Located managed bean 'environmentManager': registering with JMX server as MBean [org.springframework.cloud.context.environment:name=environmentManager,type=EnvironmentManager]
2018-11-09 11:08:11.975  INFO [makeup-api,,,] 1104 --- [restartedMain] o.s.j.e.a.AnnotationMBeanExporter        : Located managed bean 'refreshScope': registering with JMX server as MBean [org.springframework.cloud.context.scope.refresh:name=refreshScope,type=RefreshScope]
2018-11-09 11:08:11.997  INFO [makeup-api,,,] 1104 --- [restartedMain] o.s.j.e.a.AnnotationMBeanExporter        : Located managed bean 'integrationMbeanExporter': registering with JMX server as MBean [org.springframework.integration.monitor:name=integrationMbeanExporter,type=IntegrationMBeanExporter]
2018-11-09 11:08:12.035  INFO [makeup-api,,,] 1104 --- [restartedMain] o.s.j.e.a.AnnotationMBeanExporter        : Located managed bean 'configurationPropertiesRebinder': registering with JMX server as MBean [org.springframework.cloud.context.properties:name=configurationPropertiesRebinder,context=2b5b00da,type=ConfigurationPropertiesRebinder]
2018-11-09 11:08:12.049  INFO [makeup-api,,,] 1104 --- [restartedMain] o.s.j.e.a.AnnotationMBeanExporter        : Located managed bean 'rabbitConnectionFactory': registering with JMX server as MBean [org.springframework.amqp.rabbit.connection:name=rabbitConnectionFactory,type=CachingConnectionFactory]
2018-11-09 11:08:12.061  INFO [makeup-api,,,] 1104 --- [restartedMain] o.s.j.e.a.AnnotationMBeanExporter        : Located MBean 'druidDataSource': registering with JMX server as MBean [com.alibaba.druid.pool:name=druidDataSource,type=DruidDataSource]
2018-11-09 11:08:12.097  INFO [makeup-api,,,] 1104 --- [restartedMain] o.s.i.monitor.IntegrationMBeanExporter   : Registering beans for JMX exposure on startup
2018-11-09 11:08:12.098  INFO [makeup-api,,,] 1104 --- [restartedMain] o.s.i.monitor.IntegrationMBeanExporter   : Registering MessageChannel errorChannel
2018-11-09 11:08:12.106  INFO [makeup-api,,,] 1104 --- [restartedMain] o.s.i.monitor.IntegrationMBeanExporter   : Located managed bean 'org.springframework.integration:type=MessageChannel,name=errorChannel': registering with JMX server as MBean [org.springframework.integration:type=MessageChannel,name=errorChannel]
2018-11-09 11:08:12.180  INFO [makeup-api,,,] 1104 --- [restartedMain] o.s.i.monitor.IntegrationMBeanExporter   : Registering MessageChannel nullChannel
2018-11-09 11:08:12.183  INFO [makeup-api,,,] 1104 --- [restartedMain] o.s.i.monitor.IntegrationMBeanExporter   : Located managed bean 'org.springframework.integration:type=MessageChannel,name=nullChannel': registering with JMX server as MBean [org.springframework.integration:type=MessageChannel,name=nullChannel]
2018-11-09 11:08:12.214  INFO [makeup-api,,,] 1104 --- [restartedMain] o.s.i.monitor.IntegrationMBeanExporter   : Registering MessageHandler errorLogger
2018-11-09 11:08:12.217  INFO [makeup-api,,,] 1104 --- [restartedMain] o.s.i.monitor.IntegrationMBeanExporter   : Located managed bean 'org.springframework.integration:type=MessageHandler,name=errorLogger,bean=internal': registering with JMX server as MBean [org.springframework.integration:type=MessageHandler,name=errorLogger,bean=internal]
2018-11-09 11:08:12.267  INFO [makeup-api,,,] 1104 --- [restartedMain] o.s.c.support.DefaultLifecycleProcessor  : Starting beans in phase 0
2018-11-09 11:08:12.296  INFO [makeup-api,,,] 1104 --- [restartedMain] o.s.c.n.eureka.InstanceInfoFactory       : Setting initial instance status as: STARTING
2018-11-09 11:08:12.410  INFO [makeup-api,,,] 1104 --- [restartedMain] com.netflix.discovery.DiscoveryClient    : Initializing Eureka in region us-east-1
2018-11-09 11:08:12.927  INFO [makeup-api,,,] 1104 --- [restartedMain] c.n.d.provider.DiscoveryJerseyProvider   : Using JSON encoding codec LegacyJacksonJson
2018-11-09 11:08:12.927  INFO [makeup-api,,,] 1104 --- [restartedMain] c.n.d.provider.DiscoveryJerseyProvider   : Using JSON decoding codec LegacyJacksonJson
2018-11-09 11:08:13.156  INFO [makeup-api,,,] 1104 --- [restartedMain] c.n.d.provider.DiscoveryJerseyProvider   : Using XML encoding codec XStreamXml
2018-11-09 11:08:13.157  INFO [makeup-api,,,] 1104 --- [restartedMain] c.n.d.provider.DiscoveryJerseyProvider   : Using XML decoding codec XStreamXml
2018-11-09 11:08:13.578  INFO [makeup-api,,,] 1104 --- [restartedMain] c.n.d.s.r.aws.ConfigClusterResolver      : Resolving eureka endpoints via configuration
2018-11-09 11:08:13.735  INFO [makeup-api,,,] 1104 --- [restartedMain] com.netflix.discovery.DiscoveryClient    : Disable delta property : false
2018-11-09 11:08:13.735  INFO [makeup-api,,,] 1104 --- [restartedMain] com.netflix.discovery.DiscoveryClient    : Single vip registry refresh property : null
2018-11-09 11:08:13.735  INFO [makeup-api,,,] 1104 --- [restartedMain] com.netflix.discovery.DiscoveryClient    : Force full registry fetch : false
2018-11-09 11:08:13.735  INFO [makeup-api,,,] 1104 --- [restartedMain] com.netflix.discovery.DiscoveryClient    : Application is null : false
2018-11-09 11:08:13.735  INFO [makeup-api,,,] 1104 --- [restartedMain] com.netflix.discovery.DiscoveryClient    : Registered Applications size is zero : true
2018-11-09 11:08:13.735  INFO [makeup-api,,,] 1104 --- [restartedMain] com.netflix.discovery.DiscoveryClient    : Application version is -1: true
2018-11-09 11:08:13.736  INFO [makeup-api,,,] 1104 --- [restartedMain] com.netflix.discovery.DiscoveryClient    : Getting all instance registry info from the eureka server
2018-11-09 11:08:14.743  INFO [makeup-api,,,] 1104 --- [restartedMain] com.netflix.discovery.DiscoveryClient    : The response status is 200
2018-11-09 11:08:14.747  INFO [makeup-api,,,] 1104 --- [restartedMain] com.netflix.discovery.DiscoveryClient    : Starting heartbeat executor: renew interval is: 30
2018-11-09 11:08:14.752  INFO [makeup-api,,,] 1104 --- [restartedMain] c.n.discovery.InstanceInfoReplicator     : InstanceInfoReplicator onDemand update allowed rate per min is 4
2018-11-09 11:08:14.759  INFO [makeup-api,,,] 1104 --- [restartedMain] com.netflix.discovery.DiscoveryClient    : Discovery Client initialized at timestamp 1541732894757 with initial instances count: 0
2018-11-09 11:08:15.117  INFO [makeup-api,,,] 1104 --- [restartedMain] o.s.c.n.e.s.EurekaServiceRegistry        : Registering application makeup-api with eureka with status UP
2018-11-09 11:08:15.118  INFO [makeup-api,,,] 1104 --- [restartedMain] com.netflix.discovery.DiscoveryClient    : Saw local status change event StatusChangeEvent [timestamp=1541732895118, current=UP, previous=STARTING]
2018-11-09 11:08:15.126  INFO [makeup-api,,,] 1104 --- [restartedMain] o.s.i.endpoint.EventDrivenConsumer       : Adding {logging-channel-adapter:_org.springframework.integration.errorLogger} as a subscriber to the 'errorChannel' channel
2018-11-09 11:08:15.126  INFO [makeup-api,,,] 1104 --- [restartedMain] o.s.i.channel.PublishSubscribeChannel    : Channel 'makeup-api-1.errorChannel' has 1 subscriber(s).
2018-11-09 11:08:15.126  INFO [makeup-api,,,] 1104 --- [restartedMain] o.s.i.endpoint.EventDrivenConsumer       : started _org.springframework.integration.errorLogger
2018-11-09 11:08:15.127  INFO [makeup-api,,,] 1104 --- [restartedMain] o.s.c.support.DefaultLifecycleProcessor  : Starting beans in phase 2147483647
2018-11-09 11:08:15.263  INFO [makeup-api,,,] 1104 --- [restartedMain] o.a.coyote.http11.Http11NioProtocol      : Starting ProtocolHandler ["http-nio-8002"]
2018-11-09 11:08:15.277  INFO [makeup-api,,,] 1104 --- [restartedMain] o.a.tomcat.util.net.NioSelectorPool      : Using a shared selector for servlet write/read
2018-11-09 11:08:15.302  INFO [makeup-api,,,] 1104 --- [DiscoveryClient-InstanceInfoReplicator-0] com.netflix.discovery.DiscoveryClient    : DiscoveryClient_MAKEUP-API/0-PC:makeup-api:8002: registering service...
2018-11-09 11:08:15.316  INFO [makeup-api,,,] 1104 --- [restartedMain] o.s.b.w.embedded.tomcat.TomcatWebServer  : Tomcat started on port(s): 8002 (http) with context path ''
2018-11-09 11:08:15.319  INFO [makeup-api,,,] 1104 --- [restartedMain] .s.c.n.e.s.EurekaAutoServiceRegistration : Updating port to 8002
2018-11-09 11:08:15.330  INFO [makeup-api,,,] 1104 --- [restartedMain] com.zzw.makeup.Application               : Started Application in 25.587 seconds (JVM running for 26.775)
2018-11-09 11:08:15.647  INFO [makeup-api,,,] 1104 --- [DiscoveryClient-InstanceInfoReplicator-0] com.netflix.discovery.DiscoveryClient    : DiscoveryClient_MAKEUP-API/0-PC:makeup-api:8002 - registration status: 204
2018-11-09 11:08:44.748  INFO [makeup-api,,,] 1104 --- [DiscoveryClient-CacheRefreshExecutor-0] com.netflix.discovery.DiscoveryClient    : Disable delta property : false
2018-11-09 11:08:44.749  INFO [makeup-api,,,] 1104 --- [DiscoveryClient-CacheRefreshExecutor-0] com.netflix.discovery.DiscoveryClient    : Single vip registry refresh property : null
2018-11-09 11:08:44.753  INFO [makeup-api,,,] 1104 --- [DiscoveryClient-CacheRefreshExecutor-0] com.netflix.discovery.DiscoveryClient    : Force full registry fetch : false
2018-11-09 11:08:44.753  INFO [makeup-api,,,] 1104 --- [DiscoveryClient-CacheRefreshExecutor-0] com.netflix.discovery.DiscoveryClient    : Application is null : false
2018-11-09 11:08:44.754  INFO [makeup-api,,,] 1104 --- [DiscoveryClient-CacheRefreshExecutor-0] com.netflix.discovery.DiscoveryClient    : Registered Applications size is zero : true
2018-11-09 11:08:44.754  INFO [makeup-api,,,] 1104 --- [DiscoveryClient-CacheRefreshExecutor-0] com.netflix.discovery.DiscoveryClient    : Application version is -1: false
2018-11-09 11:08:44.754  INFO [makeup-api,,,] 1104 --- [DiscoveryClient-CacheRefreshExecutor-0] com.netflix.discovery.DiscoveryClient    : Getting all instance registry info from the eureka server
2018-11-09 11:08:44.865  INFO [makeup-api,,,] 1104 --- [DiscoveryClient-CacheRefreshExecutor-0] com.netflix.discovery.DiscoveryClient    : The response status is 200
2018-11-09 11:10:29.361  INFO [makeup-api,,,] 1104 --- [http-nio-8002-exec-2] o.a.c.c.C.[Tomcat].[localhost].[/]       : Initializing Spring FrameworkServlet 'dispatcherServlet'
2018-11-09 11:10:29.361  INFO [makeup-api,,,] 1104 --- [http-nio-8002-exec-2] o.s.web.servlet.DispatcherServlet        : FrameworkServlet 'dispatcherServlet': initialization started
2018-11-09 11:10:29.429  INFO [makeup-api,,,] 1104 --- [http-nio-8002-exec-2] o.s.web.servlet.DispatcherServlet        : FrameworkServlet 'dispatcherServlet': initialization completed in 68 ms
2018-11-09 11:10:29.548  INFO [makeup-api,5a6df2c04d1b42a6,5a6df2c04d1b42a6,true] 1104 --- [http-nio-8002-exec-2] c.z.m.api.controller.BrandController     : TraceId=null, SpanId=null
2018-11-09 11:10:36.706  INFO [makeup-api,b32e827b57fdb77f,b32e827b57fdb77f,false] 1104 --- [http-nio-8002-exec-1] c.z.m.api.controller.BrandController     : TraceId=null, SpanId=null
2018-11-09 11:10:36.925  INFO [makeup-api,27da3286040fb739,27da3286040fb739,false] 1104 --- [http-nio-8002-exec-5] c.z.m.api.controller.BrandController     : TraceId=null, SpanId=null
2018-11-09 11:10:37.122  INFO [makeup-api,0cd4d904d40ca6f2,0cd4d904d40ca6f2,false] 1104 --- [http-nio-8002-exec-10] c.z.m.api.controller.BrandController     : TraceId=null, SpanId=null
2018-11-09 11:10:37.249  INFO [makeup-api,c9f93605a2a48cff,c9f93605a2a48cff,false] 1104 --- [http-nio-8002-exec-6] c.z.m.api.controller.BrandController     : TraceId=null, SpanId=null
2018-11-09 11:10:37.408  INFO [makeup-api,244276beafc9c2a7,244276beafc9c2a7,false] 1104 --- [http-nio-8002-exec-8] c.z.m.api.controller.BrandController     : TraceId=null, SpanId=null
2018-11-09 11:10:37.547  INFO [makeup-api,6dcbf158476afcad,6dcbf158476afcad,false] 1104 --- [http-nio-8002-exec-4] c.z.m.api.controller.BrandController     : TraceId=null, SpanId=null
2018-11-09 11:10:37.693  INFO [makeup-api,0af8384f5eaed2a1,0af8384f5eaed2a1,false] 1104 --- [http-nio-8002-exec-7] c.z.m.api.controller.BrandController     : TraceId=null, SpanId=null
2018-11-09 11:10:37.867  INFO [makeup-api,9ff2f4d4085838b1,9ff2f4d4085838b1,true] 1104 --- [http-nio-8002-exec-3] c.z.m.api.controller.BrandController     : TraceId=null, SpanId=null
2018-11-09 11:10:37.970  INFO [makeup-api,908328f572b2b937,908328f572b2b937,false] 1104 --- [http-nio-8002-exec-9] c.z.m.api.controller.BrandController     : TraceId=null, SpanId=null
2018-11-09 11:10:38.115  INFO [makeup-api,6cfc3cd4274b1020,6cfc3cd4274b1020,false] 1104 --- [http-nio-8002-exec-2] c.z.m.api.controller.BrandController     : TraceId=null, SpanId=null
2018-11-09 11:10:38.259  INFO [makeup-api,c478e54123cb0653,c478e54123cb0653,false] 1104 --- [http-nio-8002-exec-1] c.z.m.api.controller.BrandController     : TraceId=null, SpanId=null
2018-11-09 11:10:38.427  INFO [makeup-api,081d68204fd3fec1,081d68204fd3fec1,false] 1104 --- [http-nio-8002-exec-5] c.z.m.api.controller.BrandController     : TraceId=null, SpanId=null
2018-11-09 11:10:38.576  INFO [makeup-api,8542ee97c0045b77,8542ee97c0045b77,false] 1104 --- [http-nio-8002-exec-10] c.z.m.api.controller.BrandController     : TraceId=null, SpanId=null
2018-11-09 11:10:38.726  INFO [makeup-api,41c2520ff3134d28,41c2520ff3134d28,false] 1104 --- [http-nio-8002-exec-6] c.z.m.api.controller.BrandController     : TraceId=null, SpanId=null
2018-11-09 11:10:38.861  INFO [makeup-api,b18a69cdbbe14246,b18a69cdbbe14246,false] 1104 --- [http-nio-8002-exec-8] c.z.m.api.controller.BrandController     : TraceId=null, SpanId=null
2018-11-09 11:10:39.006  INFO [makeup-api,145a24a0dfe2ceb4,145a24a0dfe2ceb4,false] 1104 --- [http-nio-8002-exec-4] c.z.m.api.controller.BrandController     : TraceId=null, SpanId=null
2018-11-09 11:10:39.147  INFO [makeup-api,4d73b39bafca1d20,4d73b39bafca1d20,false] 1104 --- [http-nio-8002-exec-7] c.z.m.api.controller.BrandController     : TraceId=null, SpanId=null
2018-11-09 11:10:45.724  INFO [makeup-api,10a76f8ac60120d5,10a76f8ac60120d5,false] 1104 --- [http-nio-8002-exec-3] c.z.m.api.controller.BrandController     : TraceId=null, SpanId=null
2018-11-09 11:10:45.831  INFO [makeup-api,cdae9fb9fcf6d177,cdae9fb9fcf6d177,false] 1104 --- [http-nio-8002-exec-9] c.z.m.api.controller.BrandController     : TraceId=null, SpanId=null
2018-11-09 11:10:45.983  INFO [makeup-api,07d0da17e0c1075e,07d0da17e0c1075e,false] 1104 --- [http-nio-8002-exec-2] c.z.m.api.controller.BrandController     : TraceId=null, SpanId=null
2018-11-09 11:10:46.119  INFO [makeup-api,5c49c9215c58989d,5c49c9215c58989d,false] 1104 --- [http-nio-8002-exec-1] c.z.m.api.controller.BrandController     : TraceId=null, SpanId=null
2018-11-09 11:10:46.298  INFO [makeup-api,6ac6895c8c9a470d,6ac6895c8c9a470d,false] 1104 --- [http-nio-8002-exec-5] c.z.m.api.controller.BrandController     : TraceId=null, SpanId=null
2018-11-09 11:10:46.673  INFO [makeup-api,d1abba2f9cf66d0a,d1abba2f9cf66d0a,false] 1104 --- [http-nio-8002-exec-10] c.z.m.api.controller.BrandController     : TraceId=null, SpanId=null
2018-11-09 11:10:46.998  INFO [makeup-api,a6446b6fe466c226,a6446b6fe466c226,false] 1104 --- [http-nio-8002-exec-6] c.z.m.api.controller.BrandController     : TraceId=null, SpanId=null
2018-11-09 11:10:47.202  INFO [makeup-api,2dab9c5ff438d4d7,2dab9c5ff438d4d7,false] 1104 --- [http-nio-8002-exec-8] c.z.m.api.controller.BrandController     : TraceId=null, SpanId=null
2018-11-09 11:10:47.470  INFO [makeup-api,bc3bb5da715355ca,bc3bb5da715355ca,false] 1104 --- [http-nio-8002-exec-4] c.z.m.api.controller.BrandController     : TraceId=null, SpanId=null
2018-11-09 11:10:47.637  INFO [makeup-api,b0012d315950bcef,b0012d315950bcef,false] 1104 --- [http-nio-8002-exec-7] c.z.m.api.controller.BrandController     : TraceId=null, SpanId=null
2018-11-09 11:13:13.743  INFO [makeup-api,,,] 1104 --- [AsyncResolver-bootstrap-executor-0] c.n.d.s.r.aws.ConfigClusterResolver      : Resolving eureka endpoints via configuration
2018-11-09 11:18:13.755  INFO [makeup-api,,,] 1104 --- [AsyncResolver-bootstrap-executor-0] c.n.d.s.r.aws.ConfigClusterResolver      : Resolving eureka endpoints via configuration
2018-11-09 11:23:13.760  INFO [makeup-api,,,] 1104 --- [AsyncResolver-bootstrap-executor-0] c.n.d.s.r.aws.ConfigClusterResolver      : Resolving eureka endpoints via configuration
2018-11-09 11:28:13.766  INFO [makeup-api,,,] 1104 --- [AsyncResolver-bootstrap-executor-0] c.n.d.s.r.aws.ConfigClusterResolver      : Resolving eureka endpoints via configuration
2018-11-09 11:33:13.773  INFO [makeup-api,,,] 1104 --- [AsyncResolver-bootstrap-executor-0] c.n.d.s.r.aws.ConfigClusterResolver      : Resolving eureka endpoints via configuration
2018-11-09 11:38:13.781  INFO [makeup-api,,,] 1104 --- [AsyncResolver-bootstrap-executor-0] c.n.d.s.r.aws.ConfigClusterResolver      : Resolving eureka endpoints via configuration
2018-11-09 11:43:13.787  INFO [makeup-api,,,] 1104 --- [AsyncResolver-bootstrap-executor-0] c.n.d.s.r.aws.ConfigClusterResolver      : Resolving eureka endpoints via configuration
2018-11-09 11:48:13.793  INFO [makeup-api,,,] 1104 --- [AsyncResolver-bootstrap-executor-0] c.n.d.s.r.aws.ConfigClusterResolver      : Resolving eureka endpoints via configuration
2018-11-09 11:49:22.080  INFO [makeup-api,,,] 1104 --- [RMI TCP Connection(2)-192.168.30.174] inMXBeanRegistrar$SpringApplicationAdmin : Application shutdown requested.
2018-11-09 11:49:22.080  INFO [makeup-api,,,] 1104 --- [RMI TCP Connection(2)-192.168.30.174] ConfigServletWebServerApplicationContext : Closing org.springframework.boot.web.servlet.context.AnnotationConfigServletWebServerApplicationContext@2b5b00da: startup date [Fri Nov 09 11:07:52 CST 2018]; parent: org.springframework.context.annotation.AnnotationConfigApplicationContext@78ec5e4a
2018-11-09 11:49:22.083  INFO [makeup-api,,,] 1104 --- [RMI TCP Connection(2)-192.168.30.174] o.s.c.n.e.s.EurekaServiceRegistry        : Unregistering application makeup-api with eureka with status DOWN
2018-11-09 11:49:22.083  WARN [makeup-api,,,] 1104 --- [RMI TCP Connection(2)-192.168.30.174] com.netflix.discovery.DiscoveryClient    : Saw local status change event StatusChangeEvent [timestamp=1541735362083, current=DOWN, previous=UP]
2018-11-09 11:49:22.087  INFO [makeup-api,,,] 1104 --- [RMI TCP Connection(2)-192.168.30.174] o.s.c.support.DefaultLifecycleProcessor  : Stopping beans in phase 2147483647
2018-11-09 11:49:22.087  INFO [makeup-api,,,] 1104 --- [RMI TCP Connection(2)-192.168.30.174] o.s.c.support.DefaultLifecycleProcessor  : Stopping beans in phase 0
2018-11-09 11:49:22.118  INFO [makeup-api,,,] 1104 --- [DiscoveryClient-InstanceInfoReplicator-0] com.netflix.discovery.DiscoveryClient    : DiscoveryClient_MAKEUP-API/0-PC:makeup-api:8002: registering service...
2018-11-09 11:49:22.128  INFO [makeup-api,,,] 1104 --- [DiscoveryClient-InstanceInfoReplicator-0] com.netflix.discovery.DiscoveryClient    : DiscoveryClient_MAKEUP-API/0-PC:makeup-api:8002 - registration status: 204
2018-11-09 11:49:22.134  INFO [makeup-api,,,] 1104 --- [RMI TCP Connection(2)-192.168.30.174] o.s.i.endpoint.EventDrivenConsumer       : Removing {logging-channel-adapter:_org.springframework.integration.errorLogger} as a subscriber to the 'errorChannel' channel
2018-11-09 11:49:22.134  INFO [makeup-api,,,] 1104 --- [RMI TCP Connection(2)-192.168.30.174] o.s.i.channel.PublishSubscribeChannel    : Channel 'makeup-api-1.errorChannel' has 0 subscriber(s).
2018-11-09 11:49:22.134  INFO [makeup-api,,,] 1104 --- [RMI TCP Connection(2)-192.168.30.174] o.s.i.endpoint.EventDrivenConsumer       : stopped _org.springframework.integration.errorLogger
2018-11-09 11:49:22.171  INFO [makeup-api,,,] 1104 --- [RMI TCP Connection(2)-192.168.30.174] o.s.s.c.ThreadPoolTaskScheduler          : Shutting down ExecutorService 'taskScheduler'
2018-11-09 11:49:22.172  INFO [makeup-api,,,] 1104 --- [RMI TCP Connection(2)-192.168.30.174] o.s.i.monitor.IntegrationMBeanExporter   : Unregistering JMX-exposed beans on shutdown
2018-11-09 11:49:22.184  INFO [makeup-api,,,] 1104 --- [RMI TCP Connection(2)-192.168.30.174] o.s.i.monitor.IntegrationMBeanExporter   : Unregistering JMX-exposed beans
2018-11-09 11:49:22.184  INFO [makeup-api,,,] 1104 --- [RMI TCP Connection(2)-192.168.30.174] o.s.i.monitor.IntegrationMBeanExporter   : Summary on shutdown: errorChannel
2018-11-09 11:49:22.184  INFO [makeup-api,,,] 1104 --- [RMI TCP Connection(2)-192.168.30.174] o.s.i.monitor.IntegrationMBeanExporter   : Summary on shutdown: nullChannel
2018-11-09 11:49:22.184  INFO [makeup-api,,,] 1104 --- [RMI TCP Connection(2)-192.168.30.174] o.s.i.monitor.IntegrationMBeanExporter   : Summary on shutdown: _org.springframework.integration.errorLogger.handler
2018-11-09 11:49:22.189  INFO [makeup-api,,,] 1104 --- [RMI TCP Connection(2)-192.168.30.174] o.s.j.e.a.AnnotationMBeanExporter        : Unregistering JMX-exposed beans on shutdown
2018-11-09 11:49:22.193  INFO [makeup-api,,,] 1104 --- [RMI TCP Connection(2)-192.168.30.174] o.s.j.e.a.AnnotationMBeanExporter        : Unregistering JMX-exposed beans
2018-11-09 11:49:22.224  INFO [makeup-api,,,] 1104 --- [RMI TCP Connection(2)-192.168.30.174] j.LocalContainerEntityManagerFactoryBean : Closing JPA EntityManagerFactory for persistence unit 'default'
2018-11-09 11:49:22.236  INFO [makeup-api,,,] 1104 --- [RMI TCP Connection(2)-192.168.30.174] com.alibaba.druid.pool.DruidDataSource   : {dataSource-1} closed
2018-11-09 11:49:23.239  WARN [makeup-api,,,] 1104 --- [RMI TCP Connection(2)-192.168.30.174] z.r.AsyncReporter$BoundedAsyncReporter   : Timed out waiting for in-flight spans to send
2018-11-09 11:49:24.499  INFO [makeup-api,,,] 1104 --- [RMI TCP Connection(2)-192.168.30.174] com.netflix.discovery.DiscoveryClient    : Shutting down DiscoveryClient ...
2018-11-09 11:49:24.534  WARN [makeup-api,,,] 1104 --- [RMI TCP Connection(2)-192.168.30.174] .s.c.a.CommonAnnotationBeanPostProcessor : Invocation of destroy method failed on bean with name 'scopedTarget.eurekaClient': org.springframework.beans.factory.BeanCreationNotAllowedException: Error creating bean with name 'eurekaInstanceConfigBean': Singleton bean creation not allowed while singletons of this factory are in destruction (Do not request a bean from a BeanFactory in a destroy method implementation!)
2018-11-09 11:49:24.536  INFO [makeup-api,,,] 1104 --- [RMI TCP Connection(2)-192.168.30.174] o.a.coyote.http11.Http11NioProtocol      : Pausing ProtocolHandler ["http-nio-8002"]
2018-11-09 11:49:24.673  INFO [makeup-api,,,] 1104 --- [RMI TCP Connection(2)-192.168.30.174] o.apache.catalina.core.StandardService   : Stopping service [Tomcat]
2018-11-09 11:49:24.685  INFO [makeup-api,,,] 1104 --- [localhost-startStop-2] o.a.c.c.C.[Tomcat].[localhost].[/]       : Destroying Spring FrameworkServlet 'dispatcherServlet'
2018-11-09 11:49:24.700  WARN [makeup-api,,,] 1104 --- [localhost-startStop-2] o.a.c.loader.WebappClassLoaderBase       : The web application [ROOT] appears to have started a thread named [RxIoScheduler-1 (Evictor)] but has failed to stop it. This is very likely to create a memory leak. Stack trace of thread:
 sun.misc.Unsafe.park(Native Method)
 java.util.concurrent.locks.LockSupport.parkNanos(LockSupport.java:215)
 java.util.concurrent.locks.AbstractQueuedSynchronizer$ConditionObject.awaitNanos(AbstractQueuedSynchronizer.java:2078)
 java.util.concurrent.ScheduledThreadPoolExecutor$DelayedWorkQueue.take(ScheduledThreadPoolExecutor.java:1093)
 java.util.concurrent.ScheduledThreadPoolExecutor$DelayedWorkQueue.take(ScheduledThreadPoolExecutor.java:809)
 java.util.concurrent.ThreadPoolExecutor.getTask(ThreadPoolExecutor.java:1074)
 java.util.concurrent.ThreadPoolExecutor.runWorker(ThreadPoolExecutor.java:1134)
 java.util.concurrent.ThreadPoolExecutor$Worker.run(ThreadPoolExecutor.java:624)
 java.lang.Thread.run(Thread.java:748)
2018-11-09 11:49:24.708  INFO [makeup-api,,,] 1104 --- [RMI TCP Connection(2)-192.168.30.174] o.a.coyote.http11.Http11NioProtocol      : Stopping ProtocolHandler ["http-nio-8002"]
2018-11-09 11:49:24.722  INFO [makeup-api,,,] 1104 --- [RMI TCP Connection(2)-192.168.30.174] o.a.coyote.http11.Http11NioProtocol      : Destroying ProtocolHandler ["http-nio-8002"]
